----------------------------------------------------------------
Tue Nov 29 11:36:54 CST 2022:
Booting Derby version The Apache Software Foundation - Apache Derby - 10.14.2.0 - (1828579): instance a816c00e-0184-c175-8356-00003474d070 
on database directory memory:C:\Users\han\Desktop\profile-tags\testdb with class loader sun.misc.Launcher$AppClassLoader@18b4aac2 
Loaded from file:/C:/Users/han/.m2/repository/org/apache/derby/derby/10.14.2.0/derby-10.14.2.0.jar
java.vendor=Amazon.com Inc.
java.runtime.version=1.8.0_322-b06
user.dir=C:\Users\han\Desktop\profile-tags
os.name=Windows 10
os.arch=amd64
os.version=10.0
derby.system.home=null
Database Class Loader started - derby.database.classpath=''
----------------------------------------------------------------
Tue Nov 29 11:36:55 CST 2022:
Shutting down instance a816c00e-0184-c175-8356-00003474d070 on database directory memory:C:\Users\han\Desktop\profile-tags\testdb with class loader sun.misc.Launcher$AppClassLoader@18b4aac2 
----------------------------------------------------------------
Tue Nov 29 11:36:55 CST 2022:
Booting Derby version The Apache Software Foundation - Apache Derby - 10.14.2.0 - (1828579): instance 0ddd00a9-0184-c175-8356-00003474d070 
on database directory memory:C:\Users\han\Desktop\profile-tags\testdb with class loader sun.misc.Launcher$AppClassLoader@18b4aac2 
Loaded from file:/C:/Users/han/.m2/repository/org/apache/derby/derby/10.14.2.0/derby-10.14.2.0.jar
java.vendor=Amazon.com Inc.
java.runtime.version=1.8.0_322-b06
user.dir=C:\Users\han\Desktop\profile-tags
os.name=Windows 10
os.arch=amd64
os.version=10.0
derby.system.home=null
Database Class Loader started - derby.database.classpath=''
